# JRE version: OpenJDK Runtime Environment (7.0_65-b32) (build 1.7.0_65-b32)
# Java VM: OpenJDK 64-Bit Server VM (24.65-b04 mixed mode linux-amd64 compressed oops)
Heap
 PSYoungGen      total 1165312K, used 14175K [0x0000000755500000, 0x00000007a3780000, 0x0000000800000000)
  eden space 1050112K, 0% used [0x0000000755500000,0x0000000755500000,0x0000000795680000)
  from space 115200K, 12% used [0x0000000795680000,0x0000000796457ea0,0x000000079c700000)
  to   space 112640K, 0% used [0x000000079c980000,0x000000079c980000,0x00000007a3780000)
 ParOldGen       total 1377280K, used 1206710K [0x0000000600000000, 0x0000000654100000, 0x0000000755500000)
  object space 1377280K, 87% used [0x0000000600000000,0x0000000649a6d870,0x0000000654100000)
 PSPermGen       total 21504K, used 10119K [0x00000005f5a00000, 0x00000005f6f00000, 0x0000000600000000)
  object space 21504K, 47% used [0x00000005f5a00000,0x00000005f63e1ef0,0x00000005f6f00000)
GC Heap History (10 events):
Event: 396.476 GC heap after
Heap after GC invocations=79 (full 6):
 PSYoungGen      total 993280K, used 13791K [0x0000000755500000, 0x000000079b380000, 0x0000000800000000)
  eden space 870912K, 0% used [0x0000000755500000,0x0000000755500000,0x000000078a780000)
  from space 122368K, 11% used [0x0000000793c00000,0x0000000794977e78,0x000000079b380000)
  to   space 137216K, 0% used [0x000000078a780000,0x000000078a780000,0x0000000792d80000)
 ParOldGen       total 1377280K, used 1206710K [0x0000000600000000, 0x0000000654100000, 0x0000000755500000)
  object space 1377280K, 87% used [0x0000000600000000,0x0000000649a6d870,0x0000000654100000)
 PSPermGen       total 21504K, used 10107K [0x00000005f5a00000, 0x00000005f6f00000, 0x0000000600000000)
  object space 21504K, 47% used [0x00000005f5a00000,0x00000005f63ded70,0x00000005f6f00000)
}
Event: 401.041 GC heap before
{Heap before GC invocations=80 (full 6):
 PSYoungGen      total 993280K, used 884703K [0x0000000755500000, 0x000000079b380000, 0x0000000800000000)
  eden space 870912K, 100% used [0x0000000755500000,0x000000078a780000,0x000000078a780000)
  from space 122368K, 11% used [0x0000000793c00000,0x0000000794977e78,0x000000079b380000)
  to   space 137216K, 0% used [0x000000078a780000,0x000000078a780000,0x0000000792d80000)
 ParOldGen       total 1377280K, used 1206710K [0x0000000600000000, 0x0000000654100000, 0x0000000755500000)
  object space 1377280K, 87% used [0x0000000600000000,0x0000000649a6d870,0x0000000654100000)
 PSPermGen       total 21504K, used 10107K [0x00000005f5a00000, 0x00000005f6f00000, 0x0000000600000000)
  object space 21504K, 47% used [0x00000005f5a00000,0x00000005f63ded70,0x00000005f6f00000)
Event: 402.004 GC heap after
Heap after GC invocations=80 (full 6):
 PSYoungGen      total 1008128K, used 13759K [0x0000000755500000, 0x00000007a0100000, 0x0000000800000000)
  eden space 870912K, 0% used [0x0000000755500000,0x0000000755500000,0x000000078a780000)
  from space 137216K, 10% used [0x000000078a780000,0x000000078b4efe78,0x0000000792d80000)
  to   space 132096K, 0% used [0x0000000798000000,0x0000000798000000,0x00000007a0100000)
 ParOldGen       total 1377280K, used 1206710K [0x0000000600000000, 0x0000000654100000, 0x0000000755500000)
  object space 1377280K, 87% used [0x0000000600000000,0x0000000649a6d870,0x0000000654100000)
 PSPermGen       total 21504K, used 10107K [0x00000005f5a00000, 0x00000005f6f00000, 0x0000000600000000)
  object space 21504K, 47% used [0x00000005f5a00000,0x00000005f63ded70,0x00000005f6f00000)
}
Event: 405.374 GC heap before
{Heap before GC invocations=81 (full 6):
 PSYoungGen      total 1008128K, used 884671K [0x0000000755500000, 0x00000007a0100000, 0x0000000800000000)
  eden space 870912K, 100% used [0x0000000755500000,0x000000078a780000,0x000000078a780000)
  from space 137216K, 10% used [0x000000078a780000,0x000000078b4efe78,0x0000000792d80000)
  to   space 132096K, 0% used [0x0000000798000000,0x0000000798000000,0x00000007a0100000)
 ParOldGen       total 1377280K, used 1206710K [0x0000000600000000, 0x0000000654100000, 0x0000000755500000)
  object space 1377280K, 87% used [0x0000000600000000,0x0000000649a6d870,0x0000000654100000)
 PSPermGen       total 21504K, used 10109K [0x00000005f5a00000, 0x00000005f6f00000, 0x0000000600000000)
  object space 21504K, 47% used [0x00000005f5a00000,0x00000005f63df7e8,0x00000005f6f00000)
Event: 406.606 GC heap after
Heap after GC invocations=81 (full 6):
 PSYoungGen      total 1079296K, used 13855K [0x0000000755500000, 0x000000079f500000, 0x0000000800000000)
  eden space 959488K, 0% used [0x0000000755500000,0x0000000755500000,0x000000078fe00000)
  from space 119808K, 11% used [0x0000000798000000,0x0000000798d87f00,0x000000079f500000)
  to   space 126464K, 0% used [0x000000078fe00000,0x000000078fe00000,0x0000000797980000)
 ParOldGen       total 1377280K, used 1206710K [0x0000000600000000, 0x0000000654100000, 0x0000000755500000)
  object space 1377280K, 87% used [0x0000000600000000,0x0000000649a6d870,0x0000000654100000)
 PSPermGen       total 21504K, used 10109K [0x00000005f5a00000, 0x00000005f6f00000, 0x0000000600000000)
  object space 21504K, 47% used [0x00000005f5a00000,0x00000005f63df7e8,0x00000005f6f00000)
}
Event: 410.479 GC heap before
{Heap before GC invocations=82 (full 6):
 PSYoungGen      total 1079296K, used 973343K [0x0000000755500000, 0x000000079f500000, 0x0000000800000000)
  eden space 959488K, 100% used [0x0000000755500000,0x000000078fe00000,0x000000078fe00000)
  from space 119808K, 11% used [0x0000000798000000,0x0000000798d87f00,0x000000079f500000)
  to   space 126464K, 0% used [0x000000078fe00000,0x000000078fe00000,0x0000000797980000)
 ParOldGen       total 1377280K, used 1206710K [0x0000000600000000, 0x0000000654100000, 0x0000000755500000)
  object space 1377280K, 87% used [0x0000000600000000,0x0000000649a6d870,0x0000000654100000)
 PSPermGen       total 21504K, used 10109K [0x00000005f5a00000, 0x00000005f6f00000, 0x0000000600000000)
  object space 21504K, 47% used [0x00000005f5a00000,0x00000005f63df7e8,0x00000005f6f00000)
Event: 410.775 GC heap after
Heap after GC invocations=82 (full 6):
 PSYoungGen      total 1085952K, used 13951K [0x0000000755500000, 0x00000007a3f80000, 0x0000000800000000)
  eden space 959488K, 0% used [0x0000000755500000,0x0000000755500000,0x000000078fe00000)
  from space 126464K, 11% used [0x000000078fe00000,0x0000000790b9fea8,0x0000000797980000)
  to   space 120832K, 0% used [0x000000079c980000,0x000000079c980000,0x00000007a3f80000)
 ParOldGen       total 1377280K, used 1206710K [0x0000000600000000, 0x0000000654100000, 0x0000000755500000)
  object space 1377280K, 87% used [0x0000000600000000,0x0000000649a6d870,0x0000000654100000)
 PSPermGen       total 21504K, used 10109K [0x00000005f5a00000, 0x00000005f6f00000, 0x0000000600000000)
  object space 21504K, 47% used [0x00000005f5a00000,0x00000005f63df7e8,0x00000005f6f00000)
}
Event: 414.110 GC heap before
{Heap before GC invocations=83 (full 6):
 PSYoungGen      total 1085952K, used 973439K [0x0000000755500000, 0x00000007a3f80000, 0x0000000800000000)
  eden space 959488K, 100% used [0x0000000755500000,0x000000078fe00000,0x000000078fe00000)
  from space 126464K, 11% used [0x000000078fe00000,0x0000000790b9fea8,0x0000000797980000)
  to   space 120832K, 0% used [0x000000079c980000,0x000000079c980000,0x00000007a3f80000)
 ParOldGen       total 1377280K, used 1206710K [0x0000000600000000, 0x0000000654100000, 0x0000000755500000)
  object space 1377280K, 87% used [0x0000000600000000,0x0000000649a6d870,0x0000000654100000)
 PSPermGen       total 21504K, used 10109K [0x00000005f5a00000, 0x00000005f6f00000, 0x0000000600000000)
  object space 21504K, 47% used [0x00000005f5a00000,0x00000005f63df7e8,0x00000005f6f00000)
Event: 415.434 GC heap after
Heap after GC invocations=83 (full 6):
 PSYoungGen      total 1162752K, used 14111K [0x0000000755500000, 0x00000007a3780000, 0x0000000800000000)
  eden space 1050112K, 0% used [0x0000000755500000,0x0000000755500000,0x0000000795680000)
  from space 112640K, 12% used [0x000000079c980000,0x000000079d747e38,0x00000007a3780000)
  to   space 115200K, 0% used [0x0000000795680000,0x0000000795680000,0x000000079c700000)
 ParOldGen       total 1377280K, used 1206710K [0x0000000600000000, 0x0000000654100000, 0x0000000755500000)
  object space 1377280K, 87% used [0x0000000600000000,0x0000000649a6d870,0x0000000654100000)
 PSPermGen       total 21504K, used 10109K [0x00000005f5a00000, 0x00000005f6f00000, 0x0000000600000000)
  object space 21504K, 47% used [0x00000005f5a00000,0x00000005f63df7e8,0x00000005f6f00000)
}
Event: 419.555 GC heap before
{Heap before GC invocations=84 (full 6):
 PSYoungGen      total 1162752K, used 1064223K [0x0000000755500000, 0x00000007a3780000, 0x0000000800000000)
  eden space 1050112K, 100% used [0x0000000755500000,0x0000000795680000,0x0000000795680000)
  from space 112640K, 12% used [0x000000079c980000,0x000000079d747e38,0x00000007a3780000)
  to   space 115200K, 0% used [0x0000000795680000,0x0000000795680000,0x000000079c700000)
 ParOldGen       total 1377280K, used 1206710K [0x0000000600000000, 0x0000000654100000, 0x0000000755500000)
  object space 1377280K, 87% used [0x0000000600000000,0x0000000649a6d870,0x0000000654100000)
 PSPermGen       total 21504K, used 10119K [0x00000005f5a00000, 0x00000005f6f00000, 0x0000000600000000)
  object space 21504K, 47% used [0x00000005f5a00000,0x00000005f63e1ef0,0x00000005f6f00000)

